<?xml version="1.0" encoding="UTF-8"?>
<!-- Generated by org.testng.reporters.JUnitXMLReporter -->
<testsuite ignored="1" hostname="LATAM-7NSDDL3" failures="0" tests="1" name="Default test" time="32.463" errors="0" timestamp="2022-09-29T14:46:19 COT">
  <testcase classname="poc_appium.Appium.Ecommercer_tc_1" name="FillFormError" time="20.238"/>
  <testcase classname="poc_appium.Appium.Ecommercer_tc_1" name="FillForm" time="0.0">
    <ignored/>
  </testcase> <!-- FillForm -->
</testsuite> <!-- Default test -->
