<?xml version="1.0" encoding="UTF-8"?>
<testng-results ignored="0" total="1" passed="1" failed="0" skipped="0">
  <reporter-output>
  </reporter-output>
  <suite started-at="2022-09-29T09:10:14 COT" name="Default suite" finished-at="2022-09-29T09:10:28 COT" duration-ms="14084">
    <groups>
    </groups>
    <test started-at="2022-09-29T09:10:14 COT" name="Default test" finished-at="2022-09-29T09:10:28 COT" duration-ms="14084">
      <class name="poc_appium.Appium.DragDropDemo">
        <test-method is-config="true" signature="ConfigureAppium()[pri:0, instance:poc_appium.Appium.DragDropDemo@10e31a9a]" started-at="2022-09-29T09:10:14 COT" name="ConfigureAppium" finished-at="2022-09-29T09:10:24 COT" duration-ms="10539" status="PASS">
          <reporter-output>
          </reporter-output>
        </test-method> <!-- ConfigureAppium -->
        <test-method signature="ScrollDemoTest()[pri:0, instance:poc_appium.Appium.DragDropDemo@10e31a9a]" started-at="2022-09-29T09:10:24 COT" name="ScrollDemoTest" finished-at="2022-09-29T09:10:27 COT" duration-ms="3239" status="PASS">
          <reporter-output>
          </reporter-output>
        </test-method> <!-- ScrollDemoTest -->
        <test-method is-config="true" signature="tearDown()[pri:0, instance:poc_appium.Appium.DragDropDemo@10e31a9a]" started-at="2022-09-29T09:10:27 COT" name="tearDown" finished-at="2022-09-29T09:10:28 COT" duration-ms="288" status="PASS">
          <reporter-output>
          </reporter-output>
        </test-method> <!-- tearDown -->
      </class> <!-- poc_appium.Appium.DragDropDemo -->
    </test> <!-- Default test -->
  </suite> <!-- Default suite -->
</testng-results>
