<?xml version="1.0" encoding="UTF-8"?>
<testng-results ignored="0" total="1" passed="1" failed="0" skipped="0">
  <reporter-output>
  </reporter-output>
  <suite started-at="2022-09-28T11:38:23 COT" name="Default suite" finished-at="2022-09-28T11:38:39 COT" duration-ms="15471">
    <groups>
    </groups>
    <test started-at="2022-09-28T11:38:23 COT" name="Default test" finished-at="2022-09-28T11:38:39 COT" duration-ms="15471">
      <class name="poc_appium.Appium.AppiumBasics">
        <test-method is-config="true" signature="ConfigureAppium()[pri:0, instance:poc_appium.Appium.AppiumBasics@1189dd52]" started-at="2022-09-28T11:38:23 COT" name="ConfigureAppium" finished-at="2022-09-28T11:38:34 COT" duration-ms="10646" status="PASS">
          <reporter-output>
          </reporter-output>
        </test-method> <!-- ConfigureAppium -->
        <test-method signature="SettingWifiName()[pri:0, instance:poc_appium.Appium.AppiumBasics@1189dd52]" started-at="2022-09-28T11:38:34 COT" name="SettingWifiName" finished-at="2022-09-28T11:38:38 COT" duration-ms="4500" status="PASS">
          <reporter-output>
          </reporter-output>
        </test-method> <!-- SettingWifiName -->
        <test-method is-config="true" signature="tearDown()[pri:0, instance:poc_appium.Appium.AppiumBasics@1189dd52]" started-at="2022-09-28T11:38:38 COT" name="tearDown" finished-at="2022-09-28T11:38:39 COT" duration-ms="303" status="PASS">
          <reporter-output>
          </reporter-output>
        </test-method> <!-- tearDown -->
      </class> <!-- poc_appium.Appium.AppiumBasics -->
    </test> <!-- Default test -->
  </suite> <!-- Default suite -->
</testng-results>
